Using pre-set license

 COMMAND LINE ARGUMENTS:
/Applications/Unity/Hub/Editor/2020.2.3f1/Unity.app/Contents/MacOS/Unity
-adb2
-batchMode
-noUpm
-name
AssetImportWorker0
-projectPath
/Users/tukanpo/Projects/cm12-turn-based-game
-logFile
Logs/AssetImportWorker0.log
-srvPort
59624
Successfully changed project path to: /Users/tukanpo/Projects/cm12-turn-based-game
/Users/tukanpo/Projects/cm12-turn-based-game
Using Asset Import Pipeline V2.
Refreshing native plugins compatible for Editor in 38.47 ms, found 1 plugins.
Preloading 0 native plugins for Editor in 0.00 ms.
Initialize engine version: 2020.2.3f1 (8ff31bc5bf5b)
[Subsystems] Discovering subsystems at path /Applications/Unity/Hub/Editor/2020.2.3f1/Unity.app/Contents/Resources/UnitySubsystems
[Subsystems] Discovering subsystems at path /Users/tukanpo/Projects/cm12-turn-based-game/Assets
GfxDevice: creating device client; threaded=0
2021-02-14 23:45:50.022 Unity[45065:1662212] VG271U preferred device: AMD Radeon Pro 560 (high power)
2021-02-14 23:45:50.022 Unity[45065:1662212] Metal devices available: 2
2021-02-14 23:45:50.022 Unity[45065:1662212] 0: AMD Radeon Pro 560 (high power)
2021-02-14 23:45:50.022 Unity[45065:1662212] 1: Intel(R) HD Graphics 630 (low power)
2021-02-14 23:45:50.023 Unity[45065:1662212] Using device AMD Radeon Pro 560 (high power)
Initializing Metal device caps: AMD Radeon Pro 560
Initialize mono
Mono path[0] = '/Applications/Unity/Hub/Editor/2020.2.3f1/Unity.app/Contents/Managed'
Mono path[1] = '/Applications/Unity/Hub/Editor/2020.2.3f1/Unity.app/Contents/MonoBleedingEdge/lib/mono/unityjit'
Mono config path = '/Applications/Unity/Hub/Editor/2020.2.3f1/Unity.app/Contents/MonoBleedingEdge/etc'
Using monoOptions --debugger-agent=transport=dt_socket,embedding=1,server=y,suspend=n,address=127.0.0.1:56065
Begin MonoManager ReloadAssembly
Registering precompiled unity dll's ...
Register platform support module: /Applications/Unity/Hub/Editor/2020.2.3f1/PlaybackEngines/WebGLSupport/UnityEditor.WebGL.Extensions.dll
Register platform support module: /Applications/Unity/Hub/Editor/2020.2.3f1/Unity.app/Contents/PlaybackEngines/MacStandaloneSupport/UnityEditor.OSXStandalone.Extensions.dll
Register platform support module: /Applications/Unity/Hub/Editor/2020.2.3f1/PlaybackEngines/WindowsStandaloneSupport/UnityEditor.WindowsStandalone.Extensions.dll
Registered in 0.006076 seconds.
Native extension for WindowsStandalone target not found
Native extension for OSXStandalone target not found
Native extension for WebGL target not found
Refreshing native plugins compatible for Editor in 36.98 ms, found 1 plugins.
Preloading 0 native plugins for Editor in 0.00 ms.
Invoked RoslynAnalysisRunner static constructor.
RoslynAnalysisRunner will not be running.
RoslynAnalysisRunner has terminated.
Mono: successfully reloaded assembly
- Completed reload, in  8.053 seconds
Platform modules already initialized, skipping
Registering precompiled user dll's ...
Registered in 0.001084 seconds.
Begin MonoManager ReloadAssembly
Native extension for WindowsStandalone target not found
Native extension for OSXStandalone target not found
Native extension for WebGL target not found
Refreshing native plugins compatible for Editor in 0.37 ms, found 1 plugins.
Preloading 0 native plugins for Editor in 0.00 ms.
Invoked RoslynAnalysisRunner static constructor.
RoslynAnalysisRunner will not be running.
RoslynAnalysisRunner has terminated.
Mono: successfully reloaded assembly
- Completed reload, in  1.434 seconds
Platform modules already initialized, skipping
========================================================================
Worker process is ready to serve import requests
Launching external process: /Applications/Unity/Hub/Editor/2020.2.3f1/Unity.app/Contents/Tools/UnityShaderCompiler
Launched and connected shader compiler UnityShaderCompiler after 0.01 seconds
Refreshing native plugins compatible for Editor in 0.37 ms, found 1 plugins.
Preloading 0 native plugins for Editor in 0.00 ms.
Unloading 2046 Unused Serialized files (Serialized files now loaded: 0)
System memory in use before: 159.0 MB.
System memory in use after: 159.1 MB.

Unloading 103 unused Assets to reduce memory usage. Loaded Objects now: 2577.
Total: 4.001183 ms (FindLiveObjects: 0.385712 ms CreateObjectMapping: 0.318636 ms MarkObjects: 3.152733 ms  DeleteObjects: 0.142745 ms)

========================================================================
Received Import Request.
  path: Assets/App/Animation
  artifactKey: Guid(b3ce9c13ea840488daed08c69d4eb4a3) Importer(815301076,1909f56bfc062723c751e8b465ee728b)
Start importing Assets/App/Animation using Guid(b3ce9c13ea840488daed08c69d4eb4a3) Importer(815301076,1909f56bfc062723c751e8b465ee728b)  -> (artifact id: '18f7c3b6170bbc043a87a63074127ea9') in 0.004988 seconds
  Import took 0.010445 seconds .

========================================================================
Received Import Request.
  Time since last request: 24.635630 seconds.
  path: Assets/App/Animation/UnitAnimatorController.controller
  artifactKey: Guid(e0dae9f3e569c45c4aa8b0c711afce79) Importer(815301076,1909f56bfc062723c751e8b465ee728b)
Start importing Assets/App/Animation/UnitAnimatorController.controller using Guid(e0dae9f3e569c45c4aa8b0c711afce79) Importer(815301076,1909f56bfc062723c751e8b465ee728b)  -> (artifact id: '91b1528d2b9979559971038226567c58') in 0.380029 seconds
  Import took 0.384720 seconds .

========================================================================
Received Import Request.
  Time since last request: 119.152056 seconds.
  path: Assets/App/Animation/New Animation.anim
  artifactKey: Guid(bddaaf19c15034ff68e892be60bec913) Importer(815301076,1909f56bfc062723c751e8b465ee728b)
Start importing Assets/App/Animation/New Animation.anim using Guid(bddaaf19c15034ff68e892be60bec913) Importer(815301076,1909f56bfc062723c751e8b465ee728b)  -> (artifact id: '076086a1a5ee1ae0bdfb25f9d51342fa') in 0.194627 seconds
  Import took 0.199141 seconds .

========================================================================
Received Import Request.
  Time since last request: 6.736106 seconds.
  path: Assets/App/Animation/Move.anim
  artifactKey: Guid(bddaaf19c15034ff68e892be60bec913) Importer(815301076,1909f56bfc062723c751e8b465ee728b)
Start importing Assets/App/Animation/Move.anim using Guid(bddaaf19c15034ff68e892be60bec913) Importer(815301076,1909f56bfc062723c751e8b465ee728b)  -> (artifact id: 'a675cc72d16c2e0a78e84228e18098e4') in 0.002219 seconds
  Import took 0.007228 seconds .

========================================================================
Received Import Request.
  Time since last request: 3026.727931 seconds.
  path: Assets/App/Animation/UnitMove.anim
  artifactKey: Guid(bddaaf19c15034ff68e892be60bec913) Importer(815301076,1909f56bfc062723c751e8b465ee728b)
Start importing Assets/App/Animation/UnitMove.anim using Guid(bddaaf19c15034ff68e892be60bec913) Importer(815301076,1909f56bfc062723c751e8b465ee728b)  -> (artifact id: '76f40d8dae1dbe63b643279adda5f425') in 0.003147 seconds
  Import took 0.008331 seconds .

========================================================================
Received Import Request.
  Time since last request: 335.227920 seconds.
  path: Assets/App/Animation/UnitMove.anim
  artifactKey: Guid(bddaaf19c15034ff68e892be60bec913) Importer(815301076,1909f56bfc062723c751e8b465ee728b)
Start importing Assets/App/Animation/UnitMove.anim using Guid(bddaaf19c15034ff68e892be60bec913) Importer(815301076,1909f56bfc062723c751e8b465ee728b)  -> (artifact id: 'a97d902ff875d3a3fba42bba6cced89c') in 0.005647 seconds
  Import took 0.011252 seconds .

========================================================================
Received Import Request.
  Time since last request: 41.367678 seconds.
  path: Assets/App/Animation/Unit.controller
  artifactKey: Guid(b0d6182750ffb4e5e874ed9ac91d705a) Importer(815301076,1909f56bfc062723c751e8b465ee728b)
Start importing Assets/App/Animation/Unit.controller using Guid(b0d6182750ffb4e5e874ed9ac91d705a) Importer(815301076,1909f56bfc062723c751e8b465ee728b)  -> (artifact id: '1c2ba4569f6dfd83d16e1d175b88350e') in 0.006160 seconds
  Import took 0.012287 seconds .

========================================================================
Received Prepare
Registering precompiled user dll's ...
Registered in 0.000484 seconds.
Begin MonoManager ReloadAssembly
Native extension for WindowsStandalone target not found
Native extension for OSXStandalone target not found
Native extension for WebGL target not found
Refreshing native plugins compatible for Editor in 0.49 ms, found 1 plugins.
Preloading 0 native plugins for Editor in 0.00 ms.
Warning: Annotation not found!
UnityEngine.StackTraceUtility:ExtractStackTrace () (at /Users/bokken/buildslave/unity/build/Runtime/Export/Scripting/StackTrace.cs:37)
UnityEditor.ProBuilder.EditorUtility:SetGizmoIconEnabled (System.Type,bool) (at Library/PackageCache/com.unity.probuilder@4.4.0/Editor/EditorCore/EditorUtility.cs:593)
UnityEditor.ProBuilder.HierarchyListener:.cctor () (at Library/PackageCache/com.unity.probuilder@4.4.0/Editor/EditorCore/HierarchyListener.cs:21)
System.Runtime.CompilerServices.RuntimeHelpers:RunClassConstructor (System.RuntimeTypeHandle)
UnityEditor.EditorAssemblies:ProcessInitializeOnLoadAttributes (System.Type[]) (at /Users/bokken/buildslave/unity/build/Editor/Mono/EditorAssemblies.cs:114)

[Library/PackageCache/com.unity.probuilder@4.4.0/Editor/EditorCore/EditorUtility.cs line 593]

Invoked RoslynAnalysisRunner static constructor.
RoslynAnalysisRunner will not be running.
RoslynAnalysisRunner has terminated.
Mono: successfully reloaded assembly
- Completed reload, in  1.207 seconds
Platform modules already initialized, skipping
Refreshing native plugins compatible for Editor in 0.35 ms, found 1 plugins.
Preloading 0 native plugins for Editor in 0.00 ms.
Unloading 1996 Unused Serialized files (Serialized files now loaded: 0)
System memory in use before: 164.8 MB.
System memory in use after: 164.9 MB.

Unloading 7 unused Assets to reduce memory usage. Loaded Objects now: 2580.
Total: 2.741677 ms (FindLiveObjects: 0.329352 ms CreateObjectMapping: 0.131863 ms MarkObjects: 2.234251 ms  DeleteObjects: 0.045037 ms)

========================================================================
Received Prepare
Registering precompiled user dll's ...
Registered in 0.000589 seconds.
Begin MonoManager ReloadAssembly
Native extension for WindowsStandalone target not found
Native extension for OSXStandalone target not found
Native extension for WebGL target not found
Refreshing native plugins compatible for Editor in 0.35 ms, found 1 plugins.
Preloading 0 native plugins for Editor in 0.00 ms.
Warning: Annotation not found!
UnityEngine.StackTraceUtility:ExtractStackTrace () (at /Users/bokken/buildslave/unity/build/Runtime/Export/Scripting/StackTrace.cs:37)
UnityEditor.ProBuilder.EditorUtility:SetGizmoIconEnabled (System.Type,bool) (at Library/PackageCache/com.unity.probuilder@4.4.0/Editor/EditorCore/EditorUtility.cs:593)
UnityEditor.ProBuilder.HierarchyListener:.cctor () (at Library/PackageCache/com.unity.probuilder@4.4.0/Editor/EditorCore/HierarchyListener.cs:21)
System.Runtime.CompilerServices.RuntimeHelpers:RunClassConstructor (System.RuntimeTypeHandle)
UnityEditor.EditorAssemblies:ProcessInitializeOnLoadAttributes (System.Type[]) (at /Users/bokken/buildslave/unity/build/Editor/Mono/EditorAssemblies.cs:114)

[Library/PackageCache/com.unity.probuilder@4.4.0/Editor/EditorCore/EditorUtility.cs line 593]

Invoked RoslynAnalysisRunner static constructor.
RoslynAnalysisRunner will not be running.
RoslynAnalysisRunner has terminated.
Mono: successfully reloaded assembly
- Completed reload, in  1.184 seconds
Platform modules already initialized, skipping
Refreshing native plugins compatible for Editor in 0.38 ms, found 1 plugins.
Preloading 0 native plugins for Editor in 0.00 ms.
Unloading 1995 Unused Serialized files (Serialized files now loaded: 0)
System memory in use before: 165.0 MB.
System memory in use after: 165.1 MB.

Unloading 7 unused Assets to reduce memory usage. Loaded Objects now: 2582.
Total: 2.969323 ms (FindLiveObjects: 0.252720 ms CreateObjectMapping: 0.081462 ms MarkObjects: 2.586813 ms  DeleteObjects: 0.047363 ms)

========================================================================
Received Import Request.
  Time since last request: 1455.532881 seconds.
  path: Assets/App/Models/PlayerUnit.prefab
  artifactKey: Guid(531c12fc9c66d452d97ac568b7db6f9c) Importer(815301076,1909f56bfc062723c751e8b465ee728b)
Start importing Assets/App/Models/PlayerUnit.prefab using Guid(531c12fc9c66d452d97ac568b7db6f9c) Importer(815301076,1909f56bfc062723c751e8b465ee728b)  -> (artifact id: '0f78c07080e069f2d18dea1ff860e7ba') in 0.189881 seconds
  Import took 0.194424 seconds .

========================================================================
Received Import Request.
  Time since last request: 6.150957 seconds.
  path: Assets/App/Models/PlayerUnit.prefab
  artifactKey: Guid(531c12fc9c66d452d97ac568b7db6f9c) Importer(815301076,1909f56bfc062723c751e8b465ee728b)
Start importing Assets/App/Models/PlayerUnit.prefab using Guid(531c12fc9c66d452d97ac568b7db6f9c) Importer(815301076,1909f56bfc062723c751e8b465ee728b)  -> (artifact id: '7995f7e56f016504788545e3a8d7dbd0') in 0.004574 seconds
  Import took 0.009512 seconds .

========================================================================
Received Prepare
Registering precompiled user dll's ...
Registered in 0.000651 seconds.
Begin MonoManager ReloadAssembly
Native extension for WindowsStandalone target not found
Native extension for OSXStandalone target not found
Native extension for WebGL target not found
Refreshing native plugins compatible for Editor in 0.37 ms, found 1 plugins.
Preloading 0 native plugins for Editor in 0.00 ms.
Warning: Annotation not found!
UnityEngine.StackTraceUtility:ExtractStackTrace () (at /Users/bokken/buildslave/unity/build/Runtime/Export/Scripting/StackTrace.cs:37)
UnityEditor.ProBuilder.EditorUtility:SetGizmoIconEnabled (System.Type,bool) (at Library/PackageCache/com.unity.probuilder@4.4.0/Editor/EditorCore/EditorUtility.cs:593)
UnityEditor.ProBuilder.HierarchyListener:.cctor () (at Library/PackageCache/com.unity.probuilder@4.4.0/Editor/EditorCore/HierarchyListener.cs:21)
System.Runtime.CompilerServices.RuntimeHelpers:RunClassConstructor (System.RuntimeTypeHandle)
UnityEditor.EditorAssemblies:ProcessInitializeOnLoadAttributes (System.Type[]) (at /Users/bokken/buildslave/unity/build/Editor/Mono/EditorAssemblies.cs:114)

[Library/PackageCache/com.unity.probuilder@4.4.0/Editor/EditorCore/EditorUtility.cs line 593]

Invoked RoslynAnalysisRunner static constructor.
RoslynAnalysisRunner will not be running.
RoslynAnalysisRunner has terminated.
Mono: successfully reloaded assembly
- Completed reload, in  1.180 seconds
Platform modules already initialized, skipping
Refreshing native plugins compatible for Editor in 0.39 ms, found 1 plugins.
Preloading 0 native plugins for Editor in 0.00 ms.
Unloading 1995 Unused Serialized files (Serialized files now loaded: 0)
System memory in use before: 169.5 MB.
System memory in use after: 169.6 MB.

Unloading 7 unused Assets to reduce memory usage. Loaded Objects now: 2584.
Total: 3.830722 ms (FindLiveObjects: 0.375249 ms CreateObjectMapping: 0.108134 ms MarkObjects: 3.291149 ms  DeleteObjects: 0.054598 ms)

========================================================================
Received Prepare
Registering precompiled user dll's ...
Registered in 0.000524 seconds.
Begin MonoManager ReloadAssembly
Native extension for WindowsStandalone target not found
Native extension for OSXStandalone target not found
Native extension for WebGL target not found
Refreshing native plugins compatible for Editor in 0.40 ms, found 1 plugins.
Preloading 0 native plugins for Editor in 0.00 ms.
Warning: Annotation not found!
UnityEngine.StackTraceUtility:ExtractStackTrace () (at /Users/bokken/buildslave/unity/build/Runtime/Export/Scripting/StackTrace.cs:37)
UnityEditor.ProBuilder.EditorUtility:SetGizmoIconEnabled (System.Type,bool) (at Library/PackageCache/com.unity.probuilder@4.4.0/Editor/EditorCore/EditorUtility.cs:593)
UnityEditor.ProBuilder.HierarchyListener:.cctor () (at Library/PackageCache/com.unity.probuilder@4.4.0/Editor/EditorCore/HierarchyListener.cs:21)
System.Runtime.CompilerServices.RuntimeHelpers:RunClassConstructor (System.RuntimeTypeHandle)
UnityEditor.EditorAssemblies:ProcessInitializeOnLoadAttributes (System.Type[]) (at /Users/bokken/buildslave/unity/build/Editor/Mono/EditorAssemblies.cs:114)

[Library/PackageCache/com.unity.probuilder@4.4.0/Editor/EditorCore/EditorUtility.cs line 593]

Invoked RoslynAnalysisRunner static constructor.
RoslynAnalysisRunner will not be running.
RoslynAnalysisRunner has terminated.
Mono: successfully reloaded assembly
- Completed reload, in  1.131 seconds
Platform modules already initialized, skipping
Refreshing native plugins compatible for Editor in 0.36 ms, found 1 plugins.
Preloading 0 native plugins for Editor in 0.00 ms.
Unloading 1995 Unused Serialized files (Serialized files now loaded: 0)
System memory in use before: 169.7 MB.
System memory in use after: 169.8 MB.

Unloading 7 unused Assets to reduce memory usage. Loaded Objects now: 2586.
Total: 2.895583 ms (FindLiveObjects: 0.301812 ms CreateObjectMapping: 0.096836 ms MarkObjects: 2.447408 ms  DeleteObjects: 0.048474 ms)

========================================================================
Received Prepare
Registering precompiled user dll's ...
Registered in 0.000637 seconds.
Begin MonoManager ReloadAssembly
Native extension for WindowsStandalone target not found
Native extension for OSXStandalone target not found
Native extension for WebGL target not found
Refreshing native plugins compatible for Editor in 0.36 ms, found 1 plugins.
Preloading 0 native plugins for Editor in 0.00 ms.
Warning: Annotation not found!
UnityEngine.StackTraceUtility:ExtractStackTrace () (at /Users/bokken/buildslave/unity/build/Runtime/Export/Scripting/StackTrace.cs:37)
UnityEditor.ProBuilder.EditorUtility:SetGizmoIconEnabled (System.Type,bool) (at Library/PackageCache/com.unity.probuilder@4.4.0/Editor/EditorCore/EditorUtility.cs:593)
UnityEditor.ProBuilder.HierarchyListener:.cctor () (at Library/PackageCache/com.unity.probuilder@4.4.0/Editor/EditorCore/HierarchyListener.cs:21)
System.Runtime.CompilerServices.RuntimeHelpers:RunClassConstructor (System.RuntimeTypeHandle)
UnityEditor.EditorAssemblies:ProcessInitializeOnLoadAttributes (System.Type[]) (at /Users/bokken/buildslave/unity/build/Editor/Mono/EditorAssemblies.cs:114)

[Library/PackageCache/com.unity.probuilder@4.4.0/Editor/EditorCore/EditorUtility.cs line 593]

Invoked RoslynAnalysisRunner static constructor.
RoslynAnalysisRunner will not be running.
RoslynAnalysisRunner has terminated.
Mono: successfully reloaded assembly
- Completed reload, in  1.179 seconds
Platform modules already initialized, skipping
Refreshing native plugins compatible for Editor in 0.37 ms, found 1 plugins.
Preloading 0 native plugins for Editor in 0.00 ms.
Unloading 1995 Unused Serialized files (Serialized files now loaded: 0)
System memory in use before: 170.0 MB.
System memory in use after: 170.1 MB.

Unloading 7 unused Assets to reduce memory usage. Loaded Objects now: 2588.
Total: 3.303264 ms (FindLiveObjects: 0.253431 ms CreateObjectMapping: 0.091805 ms MarkObjects: 2.903059 ms  DeleteObjects: 0.052239 ms)

========================================================================
Received Prepare
Refreshing native plugins compatible for Editor in 0.65 ms, found 1 plugins.
Preloading 0 native plugins for Editor in 0.00 ms.
Unloading 4 Unused Serialized files (Serialized files now loaded: 0)
System memory in use before: 130.6 MB.
System memory in use after: 130.7 MB.

Unloading 4 unused Assets to reduce memory usage. Loaded Objects now: 2588.
Total: 3.706032 ms (FindLiveObjects: 0.438121 ms CreateObjectMapping: 0.154988 ms MarkObjects: 3.064435 ms  DeleteObjects: 0.047660 ms)

